[debug] [2019-08-29T15:28:01.057Z] ----------------------------------------------------------------------
[debug] [2019-08-29T15:28:01.061Z] Command:       /usr/local/bin/node /usr/local/bin/firebase deploy
[debug] [2019-08-29T15:28:01.061Z] CLI Version:   5.0.1
[debug] [2019-08-29T15:28:01.062Z] Platform:      darwin
[debug] [2019-08-29T15:28:01.062Z] Node Version:  v10.13.0
[debug] [2019-08-29T15:28:01.064Z] Time:          Thu Aug 29 2019 22:28:01 GMT+0700 (Indochina Time)
[debug] [2019-08-29T15:28:01.064Z] ----------------------------------------------------------------------
[debug] 
[debug] [2019-08-29T15:28:01.093Z] > command requires scopes: ["email","openid","https://www.googleapis.com/auth/cloudplatformprojects.readonly","https://www.googleapis.com/auth/firebase","https://www.googleapis.com/auth/cloud-platform"]
[debug] [2019-08-29T15:28:01.094Z] > authorizing via signed-in user
[debug] [2019-08-29T15:28:01.095Z] [iam] checking project igen-dev for permissions ["firebase.projects.get","firebasehosting.sites.update"]
[debug] [2019-08-29T15:28:01.098Z] > refreshing access token with scopes: ["email","https://www.googleapis.com/auth/cloud-platform","https://www.googleapis.com/auth/cloudplatformprojects.readonly","https://www.googleapis.com/auth/firebase","openid"]
[debug] [2019-08-29T15:28:01.098Z] >>> HTTP REQUEST POST https://www.googleapis.com/oauth2/v3/token  
 <request body omitted>
[debug] [2019-08-29T15:28:01.795Z] <<< HTTP RESPONSE 200
[debug] [2019-08-29T15:28:01.810Z] >>> HTTP REQUEST POST https://cloudresourcemanager.googleapis.com/v1/projects/igen-dev:testIamPermissions  

[debug] [2019-08-29T15:28:06.790Z] <<< HTTP RESPONSE 200
[debug] [2019-08-29T15:28:06.792Z] >>> HTTP REQUEST GET https://admin.firebase.com/v1/projects/igen-dev  
 
[debug] [2019-08-29T15:28:57.272Z] <<< HTTP RESPONSE 200
[info] 
[info] === Deploying to 'igen-dev'...
[info] 
[info] i  deploying hosting
[debug] [2019-08-29T15:28:57.278Z] >>> HTTP REQUEST POST https://firebasehosting.googleapis.com/v1beta1/sites/igen-dev/versions  

[debug] [2019-08-29T15:29:01.851Z] <<< HTTP RESPONSE 200
[info] i  hosting[igen-dev]: beginning deploy...
[info] i  hosting[igen-dev]: found 49 files in build
[debug] [2019-08-29T15:29:01.888Z] [hosting] hash cache [YnVpbGQ] not populated
[debug] [2019-08-29T15:29:02.667Z] [hosting] hash cache [YnVpbGQ] stored for 49 files
[debug] [2019-08-29T15:29:02.668Z] [hosting][hash queue][FINAL]
[debug] [2019-08-29T15:29:02.668Z] >>> HTTP REQUEST POST https://firebasehosting.googleapis.com/v1beta1/sites/igen-dev/versions/4d280279299fb9ae:populateFiles  
 <request body omitted>
